{"id": "log_1773336753191_main", "timestamp": 1773336753191, "location": "telegram_bot.py:main", "message": "Bot starting", "data": {}, "sessionId": "debug-session", "runId": "run1", "hypothesisId": "A"}
{"id": "log_1773336832017_main", "timestamp": 1773336832017, "location": "telegram_bot.py:main", "message": "Bot starting", "data": {}, "sessionId": "debug-session", "runId": "run1", "hypothesisId": "A"}
{"id": "log_1773336909906_main", "timestamp": 1773336909906, "location": "telegram_bot.py:main", "message": "Bot starting", "data": {}, "sessionId": "debug-session", "runId": "run1", "hypothesisId": "A"}
{"id": "log_1773336919275_init", "timestamp": 1773336919275, "location": "telegram_bot.py:initialize_telethon", "message": "Starting Telethon initialization", "data": {}, "sessionId": "debug-session", "runId": "run1", "hypothesisId": "B"}
{"id": "log_1773336954730_setup", "timestamp": 1773336954730, "location": "telegram_bot.py:setup_auto_forwarding", "message": "Starting auto-forwarding setup", "data": {}, "sessionId": "debug-session", "runId": "run1", "hypothesisId": "B,C"}
{"id": "log_1773336954731_setup", "timestamp": 1773336954731, "location": "telegram_bot.py:setup_auto_forwarding", "message": "Getting target channel entity", "data": {"target_channel": "@HybridScripts"}, "sessionId": "debug-session", "runId": "run1", "hypothesisId": "B,C"}
{"id": "log_1773336955567_setup", "timestamp": 1773336955567, "location": "telegram_bot.py:setup_auto_forwarding", "message": "Target channel entity obtained successfully", "data": {}, "sessionId": "debug-session", "runId": "run1", "hypothesisId": "B,C"}
{"id": "log_1773336955568_setup", "timestamp": 1773336955568, "location": "telegram_bot.py:setup_auto_forwarding", "message": "Testing access to source channel", "data": {"source_channel": "@ArceusXCommunity"}, "sessionId": "debug-session", "runId": "run1", "hypothesisId": "B,C"}
{"id": "log_1773336956462_setup", "timestamp": 1773336956462, "location": "telegram_bot.py:setup_auto_forwarding", "message": "Source channel entity obtained", "data": {"source_channel": "@ArceusXCommunity"}, "sessionId": "debug-session", "runId": "run1", "hypothesisId": "B,C"}
{"id": "log_1773336957122_setup", "timestamp": 1773336957122, "location": "telegram_bot.py:setup_auto_forwarding", "message": "Latest message ID obtained", "data": {"source_channel": "@ArceusXCommunity", "latest_id": 742}, "sessionId": "debug-session", "runId": "run1", "hypothesisId": "B,C"}
{"id": "log_1773336957123_setup", "timestamp": 1773336957123, "location": "telegram_bot.py:setup_auto_forwarding", "message": "Testing access to source channel", "data": {"source_channel": "@beconscript"}, "sessionId": "debug-session", "runId": "run1", "hypothesisId": "B,C"}
{"id": "log_1773336958092_setup", "timestamp": 1773336958092, "location": "telegram_bot.py:setup_auto_forwarding", "message": "Source channel entity obtained", "data": {"source_channel": "@beconscript"}, "sessionId": "debug-session", "runId": "run1", "hypothesisId": "B,C"}
{"id": "log_1773336959619_setup", "timestamp": 1773336959619, "location": "telegram_bot.py:setup_auto_forwarding", "message": "Latest message ID obtained", "data": {"source_channel": "@beconscript", "latest_id": 1368}, "sessionId": "debug-session", "runId": "run1", "hypothesisId": "B,C"}
{"id": "log_1773336959619_setup", "timestamp": 1773336959620, "location": "telegram_bot.py:setup_auto_forwarding", "message": "Testing access to source channel", "data": {"source_channel": "@scripttigraann"}, "sessionId": "debug-session", "runId": "run1", "hypothesisId": "B,C"}
{"id": "log_1773336960779_setup", "timestamp": 1773336960779, "location": "telegram_bot.py:setup_auto_forwarding", "message": "Source channel entity obtained", "data": {"source_channel": "@scripttigraann"}, "sessionId": "debug-session", "runId": "run1", "hypothesisId": "B,C"}
{"id": "log_1773336960942_setup", "timestamp": 1773336960942, "location": "telegram_bot.py:setup_auto_forwarding", "message": "Latest message ID obtained", "data": {"source_channel": "@scripttigraann", "latest_id": 1}, "sessionId": "debug-session", "runId": "run1", "hypothesisId": "B,C"}
{"id": "log_1773336960943_setup", "timestamp": 1773336960943, "location": "telegram_bot.py:setup_auto_forwarding", "message": "Testing access to source channel", "data": {"source_channel": "@BdevHub"}, "sessionId": "debug-session", "runId": "run1", "hypothesisId": "B,C"}
{"id": "log_1773336961396_setup", "timestamp": 1773336961396, "location": "telegram_bot.py:setup_auto_forwarding", "message": "Source channel entity obtained", "data": {"source_channel": "@BdevHub"}, "sessionId": "debug-session", "runId": "run1", "hypothesisId": "B,C"}
{"id": "log_1773336961878_setup", "timestamp": 1773336961878, "location": "telegram_bot.py:setup_auto_forwarding", "message": "Latest message ID obtained", "data": {"source_channel": "@BdevHub", "latest_id": 589}, "sessionId": "debug-session", "runId": "run1", "hypothesisId": "B,C"}
{"id": "log_1773336961878_setup", "timestamp": 1773336961878, "location": "telegram_bot.py:setup_auto_forwarding", "message": "Setting forwarding_active to True", "data": {"forwarding_active": true}, "sessionId": "debug-session", "runId": "run1", "hypothesisId": "B,C"}
{"id": "log_1773336961882_setup", "timestamp": 1773336961882, "location": "telegram_bot.py:setup_auto_forwarding", "message": "Instant forwarding setup complete", "data": {}, "sessionId": "debug-session", "runId": "run1", "hypothesisId": "B,C"}
{"id": "log_1773337071738_main", "timestamp": 1773337071738, "location": "telegram_bot.py:main", "message": "Bot starting", "data": {}, "sessionId": "debug-session", "runId": "run1", "hypothesisId": "A"}
{"id": "log_1773337080333_init", "timestamp": 1773337080333, "location": "telegram_bot.py:initialize_telethon", "message": "Starting Telethon initialization", "data": {}, "sessionId": "debug-session", "runId": "run1", "hypothesisId": "B"}
{"id": "log_1773337098086_setup", "timestamp": 1773337098086, "location": "telegram_bot.py:setup_auto_forwarding", "message": "Starting auto-forwarding setup", "data": {}, "sessionId": "debug-session", "runId": "run1", "hypothesisId": "B,C"}
{"id": "log_1773337098088_setup", "timestamp": 1773337098088, "location": "telegram_bot.py:setup_auto_forwarding", "message": "Getting target channel entity", "data": {"target_channel": "@HybridScripts"}, "sessionId": "debug-session", "runId": "run1", "hypothesisId": "B,C"}
{"id": "log_1773337098773_setup", "timestamp": 1773337098773, "location": "telegram_bot.py:setup_auto_forwarding", "message": "Target channel entity obtained successfully", "data": {}, "sessionId": "debug-session", "runId": "run1", "hypothesisId": "B,C"}
{"id": "log_1773337098773_setup", "timestamp": 1773337098773, "location": "telegram_bot.py:setup_auto_forwarding", "message": "Testing access to source channel", "data": {"source_channel": "@ArceusXCommunity"}, "sessionId": "debug-session", "runId": "run1", "hypothesisId": "B,C"}
{"id": "log_1773337099246_setup", "timestamp": 1773337099246, "location": "telegram_bot.py:setup_auto_forwarding", "message": "Source channel entity obtained", "data": {"source_channel": "@ArceusXCommunity"}, "sessionId": "debug-session", "runId": "run1", "hypothesisId": "B,C"}
{"id": "log_1773337100292_setup", "timestamp": 1773337100292, "location": "telegram_bot.py:setup_auto_forwarding", "message": "Latest message ID obtained", "data": {"source_channel": "@ArceusXCommunity", "latest_id": 742}, "sessionId": "debug-session", "runId": "run1", "hypothesisId": "B,C"}
{"id": "log_1773337100292_setup", "timestamp": 1773337100292, "location": "telegram_bot.py:setup_auto_forwarding", "message": "Testing access to source channel", "data": {"source_channel": "@beconscript"}, "sessionId": "debug-session", "runId": "run1", "hypothesisId": "B,C"}
{"id": "log_1773337101381_setup", "timestamp": 1773337101381, "location": "telegram_bot.py:setup_auto_forwarding", "message": "Source channel entity obtained", "data": {"source_channel": "@beconscript"}, "sessionId": "debug-session", "runId": "run1", "hypothesisId": "B,C"}
{"id": "log_1773337102092_setup", "timestamp": 1773337102092, "location": "telegram_bot.py:setup_auto_forwarding", "message": "Latest message ID obtained", "data": {"source_channel": "@beconscript", "latest_id": 1368}, "sessionId": "debug-session", "runId": "run1", "hypothesisId": "B,C"}
{"id": "log_1773337102093_setup", "timestamp": 1773337102093, "location": "telegram_bot.py:setup_auto_forwarding", "message": "Testing access to source channel", "data": {"source_channel": "@scripttigraann"}, "sessionId": "debug-session", "runId": "run1", "hypothesisId": "B,C"}
{"id": "log_1773337102532_setup", "timestamp": 1773337102532, "location": "telegram_bot.py:setup_auto_forwarding", "message": "Source channel entity obtained", "data": {"source_channel": "@scripttigraann"}, "sessionId": "debug-session", "runId": "run1", "hypothesisId": "B,C"}
{"id": "log_1773337103142_setup", "timestamp": 1773337103142, "location": "telegram_bot.py:setup_auto_forwarding", "message": "Latest message ID obtained", "data": {"source_channel": "@scripttigraann", "latest_id": 1}, "sessionId": "debug-session", "runId": "run1", "hypothesisId": "B,C"}
{"id": "log_1773337103142_setup", "timestamp": 1773337103142, "location": "telegram_bot.py:setup_auto_forwarding", "message": "Testing access to source channel", "data": {"source_channel": "@BdevHub"}, "sessionId": "debug-session", "runId": "run1", "hypothesisId": "B,C"}
{"id": "log_1773337103729_setup", "timestamp": 1773337103729, "location": "telegram_bot.py:setup_auto_forwarding", "message": "Source channel entity obtained", "data": {"source_channel": "@BdevHub"}, "sessionId": "debug-session", "runId": "run1", "hypothesisId": "B,C"}
{"id": "log_1773337105490_setup", "timestamp": 1773337105490, "location": "telegram_bot.py:setup_auto_forwarding", "message": "Latest message ID obtained", "data": {"source_channel": "@BdevHub", "latest_id": 589}, "sessionId": "debug-session", "runId": "run1", "hypothesisId": "B,C"}
{"id": "log_1773337105490_setup", "timestamp": 1773337105490, "location": "telegram_bot.py:setup_auto_forwarding", "message": "Setting forwarding_active to True", "data": {"forwarding_active": true}, "sessionId": "debug-session", "runId": "run1", "hypothesisId": "B,C"}
{"id": "log_1773337105494_setup", "timestamp": 1773337105494, "location": "telegram_bot.py:setup_auto_forwarding", "message": "Instant forwarding setup complete", "data": {}, "sessionId": "debug-session", "runId": "run1", "hypothesisId": "B,C"}
{"id": "log_1773337131040_main", "timestamp": 1773337131040, "location": "telegram_bot.py:main", "message": "Bot starting", "data": {}, "sessionId": "debug-session", "runId": "run1", "hypothesisId": "A"}
{"id": "log_1773337139476_init", "timestamp": 1773337139476, "location": "telegram_bot.py:initialize_telethon", "message": "Starting Telethon initialization", "data": {}, "sessionId": "debug-session", "runId": "run1", "hypothesisId": "B"}
{"id": "log_1773337159195_setup", "timestamp": 1773337159195, "location": "telegram_bot.py:setup_auto_forwarding", "message": "Starting auto-forwarding setup", "data": {}, "sessionId": "debug-session", "runId": "run1", "hypothesisId": "B,C"}
{"id": "log_1773337159197_setup", "timestamp": 1773337159197, "location": "telegram_bot.py:setup_auto_forwarding", "message": "Getting target channel entity", "data": {"target_channel": "@HybridScripts"}, "sessionId": "debug-session", "runId": "run1", "hypothesisId": "B,C"}
{"id": "log_1773337159713_setup", "timestamp": 1773337159713, "location": "telegram_bot.py:setup_auto_forwarding", "message": "Target channel entity obtained successfully", "data": {}, "sessionId": "debug-session", "runId": "run1", "hypothesisId": "B,C"}
{"id": "log_1773337159713_setup", "timestamp": 1773337159713, "location": "telegram_bot.py:setup_auto_forwarding", "message": "Testing access to source channel", "data": {"source_channel": "@ArceusXCommunity"}, "sessionId": "debug-session", "runId": "run1", "hypothesisId": "B,C"}
{"id": "log_1773337159876_setup", "timestamp": 1773337159876, "location": "telegram_bot.py:setup_auto_forwarding", "message": "Source channel entity obtained", "data": {"source_channel": "@ArceusXCommunity"}, "sessionId": "debug-session", "runId": "run1", "hypothesisId": "B,C"}
{"id": "log_1773337160337_setup", "timestamp": 1773337160337, "location": "telegram_bot.py:setup_auto_forwarding", "message": "Latest message ID obtained", "data": {"source_channel": "@ArceusXCommunity", "latest_id": 742}, "sessionId": "debug-session", "runId": "run1", "hypothesisId": "B,C"}
{"id": "log_1773337160338_setup", "timestamp": 1773337160338, "location": "telegram_bot.py:setup_auto_forwarding", "message": "Testing access to source channel", "data": {"source_channel": "@beconscript"}, "sessionId": "debug-session", "runId": "run1", "hypothesisId": "B,C"}
{"id": "log_1773337160454_setup", "timestamp": 1773337160454, "location": "telegram_bot.py:setup_auto_forwarding", "message": "Source channel entity obtained", "data": {"source_channel": "@beconscript"}, "sessionId": "debug-session", "runId": "run1", "hypothesisId": "B,C"}
{"id": "log_1773337161532_setup", "timestamp": 1773337161532, "location": "telegram_bot.py:setup_auto_forwarding", "message": "Latest message ID obtained", "data": {"source_channel": "@beconscript", "latest_id": 1368}, "sessionId": "debug-session", "runId": "run1", "hypothesisId": "B,C"}
{"id": "log_1773337161532_setup", "timestamp": 1773337161532, "location": "telegram_bot.py:setup_auto_forwarding", "message": "Testing access to source channel", "data": {"source_channel": "@scripttigraann"}, "sessionId": "debug-session", "runId": "run1", "hypothesisId": "B,C"}
{"id": "log_1773337162215_setup", "timestamp": 1773337162215, "location": "telegram_bot.py:setup_auto_forwarding", "message": "Source channel entity obtained", "data": {"source_channel": "@scripttigraann"}, "sessionId": "debug-session", "runId": "run1", "hypothesisId": "B,C"}
{"id": "log_1773337162805_setup", "timestamp": 1773337162805, "location": "telegram_bot.py:setup_auto_forwarding", "message": "Latest message ID obtained", "data": {"source_channel": "@scripttigraann", "latest_id": 1}, "sessionId": "debug-session", "runId": "run1", "hypothesisId": "B,C"}
{"id": "log_1773337162805_setup", "timestamp": 1773337162805, "location": "telegram_bot.py:setup_auto_forwarding", "message": "Testing access to source channel", "data": {"source_channel": "@BdevHub"}, "sessionId": "debug-session", "runId": "run1", "hypothesisId": "B,C"}
{"id": "log_1773337163819_setup", "timestamp": 1773337163819, "location": "telegram_bot.py:setup_auto_forwarding", "message": "Source channel entity obtained", "data": {"source_channel": "@BdevHub"}, "sessionId": "debug-session", "runId": "run1", "hypothesisId": "B,C"}
{"id": "log_1773337164316_setup", "timestamp": 1773337164316, "location": "telegram_bot.py:setup_auto_forwarding", "message": "Latest message ID obtained", "data": {"source_channel": "@BdevHub", "latest_id": 589}, "sessionId": "debug-session", "runId": "run1", "hypothesisId": "B,C"}
{"id": "log_1773337164317_setup", "timestamp": 1773337164317, "location": "telegram_bot.py:setup_auto_forwarding", "message": "Setting forwarding_active to True", "data": {"forwarding_active": true}, "sessionId": "debug-session", "runId": "run1", "hypothesisId": "B,C"}
{"id": "log_1773337164320_setup", "timestamp": 1773337164320, "location": "telegram_bot.py:setup_auto_forwarding", "message": "Instant forwarding setup complete", "data": {}, "sessionId": "debug-session", "runId": "run1", "hypothesisId": "B,C"}
{"id": "log_1773337443848_main", "timestamp": 1773337443848, "location": "telegram_bot.py:main", "message": "Bot starting", "data": {}, "sessionId": "debug-session", "runId": "run1", "hypothesisId": "A"}
{"id": "log_1773337477382_main", "timestamp": 1773337477382, "location": "telegram_bot.py:main", "message": "Bot starting", "data": {}, "sessionId": "debug-session", "runId": "run1", "hypothesisId": "A"}
{"id": "log_1773337483671_init", "timestamp": 1773337483671, "location": "telegram_bot.py:initialize_telethon", "message": "Starting Telethon initialization", "data": {}, "sessionId": "debug-session", "runId": "run1", "hypothesisId": "B"}
{"id": "log_1773337499007_setup", "timestamp": 1773337499007, "location": "telegram_bot.py:setup_auto_forwarding", "message": "Starting auto-forwarding setup", "data": {}, "sessionId": "debug-session", "runId": "run1", "hypothesisId": "B,C"}
{"id": "log_1773337499008_setup", "timestamp": 1773337499008, "location": "telegram_bot.py:setup_auto_forwarding", "message": "Getting target channel entity", "data": {"target_channel": "@HybridScripts"}, "sessionId": "debug-session", "runId": "run1", "hypothesisId": "B,C"}
{"id": "log_1773337499372_setup", "timestamp": 1773337499372, "location": "telegram_bot.py:setup_auto_forwarding", "message": "Target channel entity obtained successfully", "data": {}, "sessionId": "debug-session", "runId": "run1", "hypothesisId": "B,C"}
{"id": "log_1773337499373_setup", "timestamp": 1773337499373, "location": "telegram_bot.py:setup_auto_forwarding", "message": "Testing access to source channel", "data": {"source_channel": "@ArceusXCommunity"}, "sessionId": "debug-session", "runId": "run1", "hypothesisId": "B,C"}
{"id": "log_1773337500558_setup", "timestamp": 1773337500558, "location": "telegram_bot.py:setup_auto_forwarding", "message": "Source channel entity obtained", "data": {"source_channel": "@ArceusXCommunity"}, "sessionId": "debug-session", "runId": "run1", "hypothesisId": "B,C"}
{"id": "log_1773337501164_setup", "timestamp": 1773337501164, "location": "telegram_bot.py:setup_auto_forwarding", "message": "Latest message ID obtained", "data": {"source_channel": "@ArceusXCommunity", "latest_id": 742}, "sessionId": "debug-session", "runId": "run1", "hypothesisId": "B,C"}
{"id": "log_1773337501164_setup", "timestamp": 1773337501164, "location": "telegram_bot.py:setup_auto_forwarding", "message": "Testing access to source channel", "data": {"source_channel": "@beconscript"}, "sessionId": "debug-session", "runId": "run1", "hypothesisId": "B,C"}
{"id": "log_1773337501883_setup", "timestamp": 1773337501883, "location": "telegram_bot.py:setup_auto_forwarding", "message": "Source channel entity obtained", "data": {"source_channel": "@beconscript"}, "sessionId": "debug-session", "runId": "run1", "hypothesisId": "B,C"}
{"id": "log_1773337502114_setup", "timestamp": 1773337502114, "location": "telegram_bot.py:setup_auto_forwarding", "message": "Latest message ID obtained", "data": {"source_channel": "@beconscript", "latest_id": 1368}, "sessionId": "debug-session", "runId": "run1", "hypothesisId": "B,C"}
{"id": "log_1773337502114_setup", "timestamp": 1773337502114, "location": "telegram_bot.py:setup_auto_forwarding", "message": "Testing access to source channel", "data": {"source_channel": "@scripttigraann"}, "sessionId": "debug-session", "runId": "run1", "hypothesisId": "B,C"}
{"id": "log_1773337502946_setup", "timestamp": 1773337502946, "location": "telegram_bot.py:setup_auto_forwarding", "message": "Source channel entity obtained", "data": {"source_channel": "@scripttigraann"}, "sessionId": "debug-session", "runId": "run1", "hypothesisId": "B,C"}
{"id": "log_1773337503668_setup", "timestamp": 1773337503668, "location": "telegram_bot.py:setup_auto_forwarding", "message": "Latest message ID obtained", "data": {"source_channel": "@scripttigraann", "latest_id": 1}, "sessionId": "debug-session", "runId": "run1", "hypothesisId": "B,C"}
{"id": "log_1773337503669_setup", "timestamp": 1773337503669, "location": "telegram_bot.py:setup_auto_forwarding", "message": "Testing access to source channel", "data": {"source_channel": "@BdevHub"}, "sessionId": "debug-session", "runId": "run1", "hypothesisId": "B,C"}
{"id": "log_1773337504419_setup", "timestamp": 1773337504419, "location": "telegram_bot.py:setup_auto_forwarding", "message": "Source channel entity obtained", "data": {"source_channel": "@BdevHub"}, "sessionId": "debug-session", "runId": "run1", "hypothesisId": "B,C"}
{"id": "log_1773337504548_setup", "timestamp": 1773337504548, "location": "telegram_bot.py:setup_auto_forwarding", "message": "Latest message ID obtained", "data": {"source_channel": "@BdevHub", "latest_id": 589}, "sessionId": "debug-session", "runId": "run1", "hypothesisId": "B,C"}
{"id": "log_1773337504548_setup", "timestamp": 1773337504548, "location": "telegram_bot.py:setup_auto_forwarding", "message": "Setting forwarding_active to True", "data": {"forwarding_active": true}, "sessionId": "debug-session", "runId": "run1", "hypothesisId": "B,C"}
{"id": "log_1773337504552_setup", "timestamp": 1773337504552, "location": "telegram_bot.py:setup_auto_forwarding", "message": "Instant forwarding setup complete", "data": {}, "sessionId": "debug-session", "runId": "run1", "hypothesisId": "B,C"}
